<?xml version="1.0" encoding="UTF-8"?>
<!-- Generated by org.testng.reporters.JUnitReportReporter -->
<testsuite hostname="LAPTOP-5T1CRN9L" failures="0" tests="5" name="TestRunner.TestRunnerFeatureWithTags" time="0.058" errors="0" timestamp="2024-06-23T12:10:50 IST" skipped="0">
  <testcase classname="TestRunner.TestRunnerFeatureWithTags" name="runScenario" time="0.004"/>
  <system-out/>
  <testcase classname="TestRunner.TestRunnerFeatureWithTags" name="runScenario" time="0.003"/>
  <system-out/>
  <testcase classname="TestRunner.TestRunnerFeatureWithTags" name="runScenario" time="0.044"/>
  <system-out/>
  <testcase classname="TestRunner.TestRunnerFeatureWithTags" name="runScenario" time="0.003"/>
  <system-out/>
  <testcase classname="TestRunner.TestRunnerFeatureWithTags" name="runScenario" time="0.004"/>
  <system-out/>
</testsuite> <!-- TestRunner.TestRunnerFeatureWithTags -->
