<?xml version="1.0" encoding="UTF-8"?>
<!-- Generated by org.testng.reporters.JUnitReportReporter -->
<testsuite hostname="LAPTOP-5T1CRN9L" failures="0" tests="2" name="TestRunner.TestRunnerWithTags" time="0.084" errors="0" timestamp="2024-06-23T10:12:17 IST" skipped="0">
  <testcase classname="TestRunner.TestRunnerWithTags" name="runScenario" time="0.007"/>
  <system-out/>
  <testcase classname="TestRunner.TestRunnerWithTags" name="runScenario" time="0.077"/>
  <system-out/>
</testsuite> <!-- TestRunner.TestRunnerWithTags -->
