<?xml version="1.0" encoding="UTF-8"?>
<!-- Generated by org.testng.reporters.JUnitReportReporter -->
<testsuite hostname="LAPTOP-5T1CRN9L" failures="0" tests="5" name="TestRunner.TestRunner2" time="0.096" errors="0" timestamp="2024-06-23T10:09:12 IST" skipped="0">
  <testcase classname="TestRunner.TestRunner2" name="runScenario" time="0.006"/>
  <system-out/>
  <testcase classname="TestRunner.TestRunner2" name="runScenario" time="0.073"/>
  <system-out/>
  <testcase classname="TestRunner.TestRunner2" name="runScenario" time="0.006"/>
  <system-out/>
  <testcase classname="TestRunner.TestRunner2" name="runScenario" time="0.004"/>
  <system-out/>
  <testcase classname="TestRunner.TestRunner2" name="runScenario" time="0.007"/>
  <system-out/>
</testsuite> <!-- TestRunner.TestRunner2 -->
