<?xml version="1.0" encoding="UTF-8"?>
<!-- Generated by org.testng.reporters.JUnitReportReporter -->
<testsuite hostname="LAPTOP-5T1CRN9L" failures="0" tests="1" name="TestRunner.TestRunner" time="17.213" errors="0" timestamp="2024-06-23T15:36:42 IST" skipped="0">
  <testcase classname="TestRunner.TestRunner" name="runScenario" time="17.213"/>
  <system-out/>
</testsuite> <!-- TestRunner.TestRunner -->
