<?xml version="1.0" encoding="UTF-8"?>
<!-- Generated by org.testng.reporters.JUnitReportReporter -->
<testsuite hostname="LAPTOP-5T1CRN9L" failures="0" tests="1" name="TestRunner.TestRunner" time="16.969" errors="0" timestamp="2024-06-23T14:15:50 IST" skipped="0">
  <testcase classname="TestRunner.TestRunner" name="runScenario" time="16.969"/>
</testsuite> <!-- TestRunner.TestRunner -->
